Build started 13/05/2022 08:30:58.
     1>Project "C:\Projetos - RoxGaming\files-update4\source-update-4\Main_EX301\main.vcxproj" on node 2 (build target(s)).
     1>C:\Program Files (x86)\MSBuild\Microsoft.Cpp\v4.0\Microsoft.CppBuild.targets(299,5): warning MSB8004: Output Directory does not end with a trailing slash.  This build instance will add the slash as it is required to allow proper evaluation of the Output Directory.
     1>InitializeBuildStatus:
         Creating "Release\main.unsuccessfulbuild" because "AlwaysCreate" was specified.
       ClCompile:
         c:\Program Files (x86)\Microsoft Visual Studio 10.0\VC\bin\CL.exe /c /Zi /nologo /W3 /WX- /O2 /Oi /Oy- /GL /D WIN32 /D NDEBUG /D _WINDOWS /D _USRDLL /D MAIN_EXPORTS /D _WINDLL /D _MBCS /Gm- /EHsc /MD /GS /Gy /fp:precise /Zc:wchar_t /Zc:forScope /Fo"Release\\" /Fd"Release\vc100.pdb" /Gd /TP /analyze- /errorReport:prompt ..\Util\CCRC32.Cpp Main\BMD.cpp Main\Camera3D.cpp Main\Common.cpp Main\Console.cpp Main\Controller.cpp Main\CtrlChar.cpp Main\CustomItem.cpp Main\CustomJewel.cpp Main\CustomMap.cpp Main\CustomMonster.cpp Main\CustomWing.cpp Main\DynamicEffect.cpp Main\EventTime.cpp Main\Experience.cpp main\ItemPosition.cpp Main\Monster.cpp Main\PcPoint.cpp Main\PlayerSystem.cpp Main\SelectServerS13.cpp Main\StaticEffect.cpp Main\EffectManager.cpp Main\Font.cpp Main\HackCheck.cpp Main\Interface.cpp Main\ItemDescription.cpp Main\ItemManager.cpp Main\ItemSmoke.cpp Main\main.cpp Main\MathLib.cpp Main\MemScript.cpp Main\Minimap.cpp Main\NewMaps.cpp Main\PacketManager.cpp Main\PrintPlayer.cpp Main\Protect.cpp Main\Protocol.cpp Main\Reconnect.cpp Main\Resolution.cpp Main\RightClick.cpp Main\SelectCharAnimation.cpp Main\ServerInfo.cpp Main\Testando.cpp Main\TMemory.cpp Main\ToolKit.cpp Main\TrayMode.cpp Main\User.cpp Main\Util.cpp Main\utils.cpp Main\WeaponFix.cpp
         CCRC32.Cpp
         BMD.cpp
     1>c:\projetos - roxgaming\files-update4\source-update-4\main_ex301\main\StdAfx.h(65): warning C4005: 'MAIN_FONT_SIZE' : macro redefinition
                 c:\projetos - roxgaming\files-update4\source-update-4\main_ex301\main\Protocol.h(34) : see previous definition of 'MAIN_FONT_SIZE'
     1>c:\projetos - roxgaming\files-update4\source-update-4\main_ex301\main\StdAfx.h(66): warning C4005: 'MAIN_RESOLUTION' : macro redefinition
                 c:\projetos - roxgaming\files-update4\source-update-4\main_ex301\main\Protocol.h(35) : see previous definition of 'MAIN_RESOLUTION'
     1>c:\projetos - roxgaming\files-update4\source-update-4\main_ex301\main\StdAfx.h(67): warning C4005: 'MAIN_RESOLUTION_X' : macro redefinition
                 c:\projetos - roxgaming\files-update4\source-update-4\main_ex301\main\Protocol.h(36) : see previous definition of 'MAIN_RESOLUTION_X'
     1>c:\projetos - roxgaming\files-update4\source-update-4\main_ex301\main\StdAfx.h(68): warning C4005: 'MAIN_RESOLUTION_Y' : macro redefinition
                 c:\projetos - roxgaming\files-update4\source-update-4\main_ex301\main\Protocol.h(37) : see previous definition of 'MAIN_RESOLUTION_Y'
         Camera3D.cpp
     1>c:\projetos - roxgaming\files-update4\source-update-4\main_ex301\main\stdafx.h(65): warning C4005: 'MAIN_FONT_SIZE' : macro redefinition
                 c:\projetos - roxgaming\files-update4\source-update-4\main_ex301\main\Protocol.h(34) : see previous definition of 'MAIN_FONT_SIZE'
     1>c:\projetos - roxgaming\files-update4\source-update-4\main_ex301\main\stdafx.h(66): warning C4005: 'MAIN_RESOLUTION' : macro redefinition
                 c:\projetos - roxgaming\files-update4\source-update-4\main_ex301\main\Protocol.h(35) : see previous definition of 'MAIN_RESOLUTION'
     1>c:\projetos - roxgaming\files-update4\source-update-4\main_ex301\main\stdafx.h(67): warning C4005: 'MAIN_RESOLUTION_X' : macro redefinition
                 c:\projetos - roxgaming\files-update4\source-update-4\main_ex301\main\Protocol.h(36) : see previous definition of 'MAIN_RESOLUTION_X'
     1>c:\projetos - roxgaming\files-update4\source-update-4\main_ex301\main\stdafx.h(68): warning C4005: 'MAIN_RESOLUTION_Y' : macro redefinition
                 c:\projetos - roxgaming\files-update4\source-update-4\main_ex301\main\Protocol.h(37) : see previous definition of 'MAIN_RESOLUTION_Y'
         Common.cpp
     1>c:\projetos - roxgaming\files-update4\source-update-4\main_ex301\main\stdafx.h(65): warning C4005: 'MAIN_FONT_SIZE' : macro redefinition
                 c:\projetos - roxgaming\files-update4\source-update-4\main_ex301\main\Protocol.h(34) : see previous definition of 'MAIN_FONT_SIZE'
     1>c:\projetos - roxgaming\files-update4\source-update-4\main_ex301\main\stdafx.h(66): warning C4005: 'MAIN_RESOLUTION' : macro redefinition
                 c:\projetos - roxgaming\files-update4\source-update-4\main_ex301\main\Protocol.h(35) : see previous definition of 'MAIN_RESOLUTION'
     1>c:\projetos - roxgaming\files-update4\source-update-4\main_ex301\main\stdafx.h(67): warning C4005: 'MAIN_RESOLUTION_X' : macro redefinition
                 c:\projetos - roxgaming\files-update4\source-update-4\main_ex301\main\Protocol.h(36) : see previous definition of 'MAIN_RESOLUTION_X'
     1>c:\projetos - roxgaming\files-update4\source-update-4\main_ex301\main\stdafx.h(68): warning C4005: 'MAIN_RESOLUTION_Y' : macro redefinition
                 c:\projetos - roxgaming\files-update4\source-update-4\main_ex301\main\Protocol.h(37) : see previous definition of 'MAIN_RESOLUTION_Y'
         Console.cpp
     1>c:\projetos - roxgaming\files-update4\source-update-4\main_ex301\main\stdafx.h(65): warning C4005: 'MAIN_FONT_SIZE' : macro redefinition
                 c:\projetos - roxgaming\files-update4\source-update-4\main_ex301\main\Protocol.h(34) : see previous definition of 'MAIN_FONT_SIZE'
     1>c:\projetos - roxgaming\files-update4\source-update-4\main_ex301\main\stdafx.h(66): warning C4005: 'MAIN_RESOLUTION' : macro redefinition
                 c:\projetos - roxgaming\files-update4\source-update-4\main_ex301\main\Protocol.h(35) : see previous definition of 'MAIN_RESOLUTION'
     1>c:\projetos - roxgaming\files-update4\source-update-4\main_ex301\main\stdafx.h(67): warning C4005: 'MAIN_RESOLUTION_X' : macro redefinition
                 c:\projetos - roxgaming\files-update4\source-update-4\main_ex301\main\Protocol.h(36) : see previous definition of 'MAIN_RESOLUTION_X'
     1>c:\projetos - roxgaming\files-update4\source-update-4\main_ex301\main\stdafx.h(68): warning C4005: 'MAIN_RESOLUTION_Y' : macro redefinition
                 c:\projetos - roxgaming\files-update4\source-update-4\main_ex301\main\Protocol.h(37) : see previous definition of 'MAIN_RESOLUTION_Y'
     1>Main\Console.cpp(77): warning C4996: 'strncpy': This function or variable may be unsafe. Consider using strncpy_s instead. To disable deprecation, use _CRT_SECURE_NO_WARNINGS. See online help for details.
                 c:\Program Files (x86)\Microsoft Visual Studio 10.0\VC\include\string.h(188) : see declaration of 'strncpy'
     1>Main\Console.cpp(125): warning C4101: 'hTh' : unreferenced local variable
         Controller.cpp
     1>c:\projetos - roxgaming\files-update4\source-update-4\main_ex301\main\stdafx.h(65): warning C4005: 'MAIN_FONT_SIZE' : macro redefinition
                 c:\projetos - roxgaming\files-update4\source-update-4\main_ex301\main\Protocol.h(34) : see previous definition of 'MAIN_FONT_SIZE'
     1>c:\projetos - roxgaming\files-update4\source-update-4\main_ex301\main\stdafx.h(66): warning C4005: 'MAIN_RESOLUTION' : macro redefinition
                 c:\projetos - roxgaming\files-update4\source-update-4\main_ex301\main\Protocol.h(35) : see previous definition of 'MAIN_RESOLUTION'
     1>c:\projetos - roxgaming\files-update4\source-update-4\main_ex301\main\stdafx.h(67): warning C4005: 'MAIN_RESOLUTION_X' : macro redefinition
                 c:\projetos - roxgaming\files-update4\source-update-4\main_ex301\main\Protocol.h(36) : see previous definition of 'MAIN_RESOLUTION_X'
     1>c:\projetos - roxgaming\files-update4\source-update-4\main_ex301\main\stdafx.h(68): warning C4005: 'MAIN_RESOLUTION_Y' : macro redefinition
                 c:\projetos - roxgaming\files-update4\source-update-4\main_ex301\main\Protocol.h(37) : see previous definition of 'MAIN_RESOLUTION_Y'
         CtrlChar.cpp
     1>c:\projetos - roxgaming\files-update4\source-update-4\main_ex301\main\stdafx.h(65): warning C4005: 'MAIN_FONT_SIZE' : macro redefinition
                 c:\projetos - roxgaming\files-update4\source-update-4\main_ex301\main\Protocol.h(34) : see previous definition of 'MAIN_FONT_SIZE'
     1>c:\projetos - roxgaming\files-update4\source-update-4\main_ex301\main\stdafx.h(66): warning C4005: 'MAIN_RESOLUTION' : macro redefinition
                 c:\projetos - roxgaming\files-update4\source-update-4\main_ex301\main\Protocol.h(35) : see previous definition of 'MAIN_RESOLUTION'
     1>c:\projetos - roxgaming\files-update4\source-update-4\main_ex301\main\stdafx.h(67): warning C4005: 'MAIN_RESOLUTION_X' : macro redefinition
                 c:\projetos - roxgaming\files-update4\source-update-4\main_ex301\main\Protocol.h(36) : see previous definition of 'MAIN_RESOLUTION_X'
     1>c:\projetos - roxgaming\files-update4\source-update-4\main_ex301\main\stdafx.h(68): warning C4005: 'MAIN_RESOLUTION_Y' : macro redefinition
                 c:\projetos - roxgaming\files-update4\source-update-4\main_ex301\main\Protocol.h(37) : see previous definition of 'MAIN_RESOLUTION_Y'
         CustomItem.cpp
     1>c:\projetos - roxgaming\files-update4\source-update-4\main_ex301\main\stdafx.h(65): warning C4005: 'MAIN_FONT_SIZE' : macro redefinition
                 c:\projetos - roxgaming\files-update4\source-update-4\main_ex301\main\Protocol.h(34) : see previous definition of 'MAIN_FONT_SIZE'
     1>c:\projetos - roxgaming\files-update4\source-update-4\main_ex301\main\stdafx.h(66): warning C4005: 'MAIN_RESOLUTION' : macro redefinition
                 c:\projetos - roxgaming\files-update4\source-update-4\main_ex301\main\Protocol.h(35) : see previous definition of 'MAIN_RESOLUTION'
     1>c:\projetos - roxgaming\files-update4\source-update-4\main_ex301\main\stdafx.h(67): warning C4005: 'MAIN_RESOLUTION_X' : macro redefinition
                 c:\projetos - roxgaming\files-update4\source-update-4\main_ex301\main\Protocol.h(36) : see previous definition of 'MAIN_RESOLUTION_X'
     1>c:\projetos - roxgaming\files-update4\source-update-4\main_ex301\main\stdafx.h(68): warning C4005: 'MAIN_RESOLUTION_Y' : macro redefinition
                 c:\projetos - roxgaming\files-update4\source-update-4\main_ex301\main\Protocol.h(37) : see previous definition of 'MAIN_RESOLUTION_Y'
         CustomJewel.cpp
     1>c:\projetos - roxgaming\files-update4\source-update-4\main_ex301\main\stdafx.h(65): warning C4005: 'MAIN_FONT_SIZE' : macro redefinition
                 c:\projetos - roxgaming\files-update4\source-update-4\main_ex301\main\Protocol.h(34) : see previous definition of 'MAIN_FONT_SIZE'
     1>c:\projetos - roxgaming\files-update4\source-update-4\main_ex301\main\stdafx.h(66): warning C4005: 'MAIN_RESOLUTION' : macro redefinition
                 c:\projetos - roxgaming\files-update4\source-update-4\main_ex301\main\Protocol.h(35) : see previous definition of 'MAIN_RESOLUTION'
     1>c:\projetos - roxgaming\files-update4\source-update-4\main_ex301\main\stdafx.h(67): warning C4005: 'MAIN_RESOLUTION_X' : macro redefinition
                 c:\projetos - roxgaming\files-update4\source-update-4\main_ex301\main\Protocol.h(36) : see previous definition of 'MAIN_RESOLUTION_X'
     1>c:\projetos - roxgaming\files-update4\source-update-4\main_ex301\main\stdafx.h(68): warning C4005: 'MAIN_RESOLUTION_Y' : macro redefinition
                 c:\projetos - roxgaming\files-update4\source-update-4\main_ex301\main\Protocol.h(37) : see previous definition of 'MAIN_RESOLUTION_Y'
     1>c:\projetos - roxgaming\files-update4\source-update-4\main_ex301\main\ItemManager.h(11): warning C4005: 'ITEM2' : macro redefinition
                 c:\projetos - roxgaming\files-update4\source-update-4\main_ex301\main\stdafx.h(95) : see previous definition of 'ITEM2'
         CustomMap.cpp
     1>c:\projetos - roxgaming\files-update4\source-update-4\main_ex301\main\stdafx.h(65): warning C4005: 'MAIN_FONT_SIZE' : macro redefinition
                 c:\projetos - roxgaming\files-update4\source-update-4\main_ex301\main\Protocol.h(34) : see previous definition of 'MAIN_FONT_SIZE'
     1>c:\projetos - roxgaming\files-update4\source-update-4\main_ex301\main\stdafx.h(66): warning C4005: 'MAIN_RESOLUTION' : macro redefinition
                 c:\projetos - roxgaming\files-update4\source-update-4\main_ex301\main\Protocol.h(35) : see previous definition of 'MAIN_RESOLUTION'
     1>c:\projetos - roxgaming\files-update4\source-update-4\main_ex301\main\stdafx.h(67): warning C4005: 'MAIN_RESOLUTION_X' : macro redefinition
                 c:\projetos - roxgaming\files-update4\source-update-4\main_ex301\main\Protocol.h(36) : see previous definition of 'MAIN_RESOLUTION_X'
     1>c:\projetos - roxgaming\files-update4\source-update-4\main_ex301\main\stdafx.h(68): warning C4005: 'MAIN_RESOLUTION_Y' : macro redefinition
                 c:\projetos - roxgaming\files-update4\source-update-4\main_ex301\main\Protocol.h(37) : see previous definition of 'MAIN_RESOLUTION_Y'
         CustomMonster.cpp
     1>c:\projetos - roxgaming\files-update4\source-update-4\main_ex301\main\stdafx.h(65): warning C4005: 'MAIN_FONT_SIZE' : macro redefinition
                 c:\projetos - roxgaming\files-update4\source-update-4\main_ex301\main\Protocol.h(34) : see previous definition of 'MAIN_FONT_SIZE'
     1>c:\projetos - roxgaming\files-update4\source-update-4\main_ex301\main\stdafx.h(66): warning C4005: 'MAIN_RESOLUTION' : macro redefinition
                 c:\projetos - roxgaming\files-update4\source-update-4\main_ex301\main\Protocol.h(35) : see previous definition of 'MAIN_RESOLUTION'
     1>c:\projetos - roxgaming\files-update4\source-update-4\main_ex301\main\stdafx.h(67): warning C4005: 'MAIN_RESOLUTION_X' : macro redefinition
                 c:\projetos - roxgaming\files-update4\source-update-4\main_ex301\main\Protocol.h(36) : see previous definition of 'MAIN_RESOLUTION_X'
     1>c:\projetos - roxgaming\files-update4\source-update-4\main_ex301\main\stdafx.h(68): warning C4005: 'MAIN_RESOLUTION_Y' : macro redefinition
                 c:\projetos - roxgaming\files-update4\source-update-4\main_ex301\main\Protocol.h(37) : see previous definition of 'MAIN_RESOLUTION_Y'
         CustomWing.cpp
     1>c:\projetos - roxgaming\files-update4\source-update-4\main_ex301\main\stdafx.h(65): warning C4005: 'MAIN_FONT_SIZE' : macro redefinition
                 c:\projetos - roxgaming\files-update4\source-update-4\main_ex301\main\Protocol.h(34) : see previous definition of 'MAIN_FONT_SIZE'
     1>c:\projetos - roxgaming\files-update4\source-update-4\main_ex301\main\stdafx.h(66): warning C4005: 'MAIN_RESOLUTION' : macro redefinition
                 c:\projetos - roxgaming\files-update4\source-update-4\main_ex301\main\Protocol.h(35) : see previous definition of 'MAIN_RESOLUTION'
     1>c:\projetos - roxgaming\files-update4\source-update-4\main_ex301\main\stdafx.h(67): warning C4005: 'MAIN_RESOLUTION_X' : macro redefinition
                 c:\projetos - roxgaming\files-update4\source-update-4\main_ex301\main\Protocol.h(36) : see previous definition of 'MAIN_RESOLUTION_X'
     1>c:\projetos - roxgaming\files-update4\source-update-4\main_ex301\main\stdafx.h(68): warning C4005: 'MAIN_RESOLUTION_Y' : macro redefinition
                 c:\projetos - roxgaming\files-update4\source-update-4\main_ex301\main\Protocol.h(37) : see previous definition of 'MAIN_RESOLUTION_Y'
         DynamicEffect.cpp
     1>c:\projetos - roxgaming\files-update4\source-update-4\main_ex301\main\stdafx.h(65): warning C4005: 'MAIN_FONT_SIZE' : macro redefinition
                 c:\projetos - roxgaming\files-update4\source-update-4\main_ex301\main\Protocol.h(34) : see previous definition of 'MAIN_FONT_SIZE'
     1>c:\projetos - roxgaming\files-update4\source-update-4\main_ex301\main\stdafx.h(66): warning C4005: 'MAIN_RESOLUTION' : macro redefinition
                 c:\projetos - roxgaming\files-update4\source-update-4\main_ex301\main\Protocol.h(35) : see previous definition of 'MAIN_RESOLUTION'
     1>c:\projetos - roxgaming\files-update4\source-update-4\main_ex301\main\stdafx.h(67): warning C4005: 'MAIN_RESOLUTION_X' : macro redefinition
                 c:\projetos - roxgaming\files-update4\source-update-4\main_ex301\main\Protocol.h(36) : see previous definition of 'MAIN_RESOLUTION_X'
     1>c:\projetos - roxgaming\files-update4\source-update-4\main_ex301\main\stdafx.h(68): warning C4005: 'MAIN_RESOLUTION_Y' : macro redefinition
                 c:\projetos - roxgaming\files-update4\source-update-4\main_ex301\main\Protocol.h(37) : see previous definition of 'MAIN_RESOLUTION_Y'
     1>c:\projetos - roxgaming\files-update4\source-update-4\main_ex301\main\ItemManager.h(11): warning C4005: 'ITEM2' : macro redefinition
                 c:\projetos - roxgaming\files-update4\source-update-4\main_ex301\main\stdafx.h(95) : see previous definition of 'ITEM2'
         EventTime.cpp
     1>c:\projetos - roxgaming\files-update4\source-update-4\main_ex301\main\stdafx.h(65): warning C4005: 'MAIN_FONT_SIZE' : macro redefinition
                 c:\projetos - roxgaming\files-update4\source-update-4\main_ex301\main\Protocol.h(34) : see previous definition of 'MAIN_FONT_SIZE'
     1>c:\projetos - roxgaming\files-update4\source-update-4\main_ex301\main\stdafx.h(66): warning C4005: 'MAIN_RESOLUTION' : macro redefinition
                 c:\projetos - roxgaming\files-update4\source-update-4\main_ex301\main\Protocol.h(35) : see previous definition of 'MAIN_RESOLUTION'
     1>c:\projetos - roxgaming\files-update4\source-update-4\main_ex301\main\stdafx.h(67): warning C4005: 'MAIN_RESOLUTION_X' : macro redefinition
                 c:\projetos - roxgaming\files-update4\source-update-4\main_ex301\main\Protocol.h(36) : see previous definition of 'MAIN_RESOLUTION_X'
     1>c:\projetos - roxgaming\files-update4\source-update-4\main_ex301\main\stdafx.h(68): warning C4005: 'MAIN_RESOLUTION_Y' : macro redefinition
                 c:\projetos - roxgaming\files-update4\source-update-4\main_ex301\main\Protocol.h(37) : see previous definition of 'MAIN_RESOLUTION_Y'
     1>Main\EventTime.cpp(79): warning C4101: 'result' : unreferenced local variable
     1>Main\EventTime.cpp(159): warning C4101: 'text1' : unreferenced local variable
     1>Main\EventTime.cpp(275): warning C4101: 'text1' : unreferenced local variable
         Experience.cpp
     1>c:\projetos - roxgaming\files-update4\source-update-4\main_ex301\main\stdafx.h(65): warning C4005: 'MAIN_FONT_SIZE' : macro redefinition
                 c:\projetos - roxgaming\files-update4\source-update-4\main_ex301\main\Protocol.h(34) : see previous definition of 'MAIN_FONT_SIZE'
     1>c:\projetos - roxgaming\files-update4\source-update-4\main_ex301\main\stdafx.h(66): warning C4005: 'MAIN_RESOLUTION' : macro redefinition
                 c:\projetos - roxgaming\files-update4\source-update-4\main_ex301\main\Protocol.h(35) : see previous definition of 'MAIN_RESOLUTION'
     1>c:\projetos - roxgaming\files-update4\source-update-4\main_ex301\main\stdafx.h(67): warning C4005: 'MAIN_RESOLUTION_X' : macro redefinition
                 c:\projetos - roxgaming\files-update4\source-update-4\main_ex301\main\Protocol.h(36) : see previous definition of 'MAIN_RESOLUTION_X'
     1>c:\projetos - roxgaming\files-update4\source-update-4\main_ex301\main\stdafx.h(68): warning C4005: 'MAIN_RESOLUTION_Y' : macro redefinition
                 c:\projetos - roxgaming\files-update4\source-update-4\main_ex301\main\Protocol.h(37) : see previous definition of 'MAIN_RESOLUTION_Y'
     1>Main\Experience.cpp(136): warning C4996: 'sprintf': This function or variable may be unsafe. Consider using sprintf_s instead. To disable deprecation, use _CRT_SECURE_NO_WARNINGS. See online help for details.
                 c:\Program Files (x86)\Microsoft Visual Studio 10.0\VC\include\stdio.h(371) : see declaration of 'sprintf'
     1>Main\Experience.cpp(64): warning C4101: 'v22' : unreferenced local variable
     1>Main\Experience.cpp(48): warning C4101: 'v6' : unreferenced local variable
     1>Main\Experience.cpp(56): warning C4101: 'v14' : unreferenced local variable
     1>Main\Experience.cpp(45): warning C4101: 'v3' : unreferenced local variable
     1>Main\Experience.cpp(69): warning C4101: 'v27' : unreferenced local variable
     1>Main\Experience.cpp(65): warning C4101: 'v23' : unreferenced local variable
     1>Main\Experience.cpp(43): warning C4101: 'v1' : unreferenced local variable
     1>Main\Experience.cpp(57): warning C4101: 'v15' : unreferenced local variable
     1>Main\Experience.cpp(60): warning C4101: 'v18' : unreferenced local variable
     1>Main\Experience.cpp(58): warning C4101: 'v16' : unreferenced local variable
     1>Main\Experience.cpp(52): warning C4101: 'v10' : unreferenced local variable
     1>Main\Experience.cpp(46): warning C4101: 'v4' : unreferenced local variable
     1>Main\Experience.cpp(44): warning C4101: 'v2' : unreferenced local variable
     1>Main\Experience.cpp(59): warning C4101: 'v17' : unreferenced local variable
     1>Main\Experience.cpp(55): warning C4101: 'v13' : unreferenced local variable
     1>Main\Experience.cpp(62): warning C4101: 'v20' : unreferenced local variable
     1>Main\Experience.cpp(51): warning C4101: 'v9' : unreferenced local variable
     1>Main\Experience.cpp(70): warning C4101: 'v28' : unreferenced local variable
     1>Main\Experience.cpp(63): warning C4101: 'v21' : unreferenced local variable
     1>Main\Experience.cpp(53): warning C4101: 'v11' : unreferenced local variable
     1>Main\Experience.cpp(47): warning C4101: 'v5' : unreferenced local variable
     1>Main\Experience.cpp(66): warning C4101: 'v24' : unreferenced local variable
     1>Main\Experience.cpp(61): warning C4101: 'v19' : unreferenced local variable
     1>Main\Experience.cpp(50): warning C4101: 'v8' : unreferenced local variable
     1>Main\Experience.cpp(67): warning C4101: 'v25' : unreferenced local variable
     1>Main\Experience.cpp(54): warning C4101: 'v12' : unreferenced local variable
     1>Main\Experience.cpp(49): warning C4101: 'v7' : unreferenced local variable
     1>Main\Experience.cpp(71): warning C4101: 'String' : unreferenced local variable
     1>Main\Experience.cpp(42): warning C4101: 'v0' : unreferenced local variable
         ItemPosition.cpp
     1>c:\projetos - roxgaming\files-update4\source-update-4\main_ex301\main\stdafx.h(65): warning C4005: 'MAIN_FONT_SIZE' : macro redefinition
                 c:\projetos - roxgaming\files-update4\source-update-4\main_ex301\main\Protocol.h(34) : see previous definition of 'MAIN_FONT_SIZE'
     1>c:\projetos - roxgaming\files-update4\source-update-4\main_ex301\main\stdafx.h(66): warning C4005: 'MAIN_RESOLUTION' : macro redefinition
                 c:\projetos - roxgaming\files-update4\source-update-4\main_ex301\main\Protocol.h(35) : see previous definition of 'MAIN_RESOLUTION'
     1>c:\projetos - roxgaming\files-update4\source-update-4\main_ex301\main\stdafx.h(67): warning C4005: 'MAIN_RESOLUTION_X' : macro redefinition
                 c:\projetos - roxgaming\files-update4\source-update-4\main_ex301\main\Protocol.h(36) : see previous definition of 'MAIN_RESOLUTION_X'
     1>c:\projetos - roxgaming\files-update4\source-update-4\main_ex301\main\stdafx.h(68): warning C4005: 'MAIN_RESOLUTION_Y' : macro redefinition
                 c:\projetos - roxgaming\files-update4\source-update-4\main_ex301\main\Protocol.h(37) : see previous definition of 'MAIN_RESOLUTION_Y'
         Monster.cpp
     1>c:\projetos - roxgaming\files-update4\source-update-4\main_ex301\main\stdafx.h(65): warning C4005: 'MAIN_FONT_SIZE' : macro redefinition
                 c:\projetos - roxgaming\files-update4\source-update-4\main_ex301\main\Protocol.h(34) : see previous definition of 'MAIN_FONT_SIZE'
     1>c:\projetos - roxgaming\files-update4\source-update-4\main_ex301\main\stdafx.h(66): warning C4005: 'MAIN_RESOLUTION' : macro redefinition
                 c:\projetos - roxgaming\files-update4\source-update-4\main_ex301\main\Protocol.h(35) : see previous definition of 'MAIN_RESOLUTION'
     1>c:\projetos - roxgaming\files-update4\source-update-4\main_ex301\main\stdafx.h(67): warning C4005: 'MAIN_RESOLUTION_X' : macro redefinition
                 c:\projetos - roxgaming\files-update4\source-update-4\main_ex301\main\Protocol.h(36) : see previous definition of 'MAIN_RESOLUTION_X'
     1>c:\projetos - roxgaming\files-update4\source-update-4\main_ex301\main\stdafx.h(68): warning C4005: 'MAIN_RESOLUTION_Y' : macro redefinition
                 c:\projetos - roxgaming\files-update4\source-update-4\main_ex301\main\Protocol.h(37) : see previous definition of 'MAIN_RESOLUTION_Y'
         PcPoint.cpp
     1>c:\projetos - roxgaming\files-update4\source-update-4\main_ex301\main\stdafx.h(65): warning C4005: 'MAIN_FONT_SIZE' : macro redefinition
                 c:\projetos - roxgaming\files-update4\source-update-4\main_ex301\main\Protocol.h(34) : see previous definition of 'MAIN_FONT_SIZE'
     1>c:\projetos - roxgaming\files-update4\source-update-4\main_ex301\main\stdafx.h(66): warning C4005: 'MAIN_RESOLUTION' : macro redefinition
                 c:\projetos - roxgaming\files-update4\source-update-4\main_ex301\main\Protocol.h(35) : see previous definition of 'MAIN_RESOLUTION'
     1>c:\projetos - roxgaming\files-update4\source-update-4\main_ex301\main\stdafx.h(67): warning C4005: 'MAIN_RESOLUTION_X' : macro redefinition
                 c:\projetos - roxgaming\files-update4\source-update-4\main_ex301\main\Protocol.h(36) : see previous definition of 'MAIN_RESOLUTION_X'
     1>c:\projetos - roxgaming\files-update4\source-update-4\main_ex301\main\stdafx.h(68): warning C4005: 'MAIN_RESOLUTION_Y' : macro redefinition
                 c:\projetos - roxgaming\files-update4\source-update-4\main_ex301\main\Protocol.h(37) : see previous definition of 'MAIN_RESOLUTION_Y'
     1>c:\projetos - roxgaming\files-update4\source-update-4\main_ex301\main\ItemManager.h(11): warning C4005: 'ITEM2' : macro redefinition
                 c:\projetos - roxgaming\files-update4\source-update-4\main_ex301\main\stdafx.h(95) : see previous definition of 'ITEM2'
         PlayerSystem.cpp
     1>c:\projetos - roxgaming\files-update4\source-update-4\main_ex301\main\stdafx.h(65): warning C4005: 'MAIN_FONT_SIZE' : macro redefinition
                 c:\projetos - roxgaming\files-update4\source-update-4\main_ex301\main\Protocol.h(34) : see previous definition of 'MAIN_FONT_SIZE'
     1>c:\projetos - roxgaming\files-update4\source-update-4\main_ex301\main\stdafx.h(66): warning C4005: 'MAIN_RESOLUTION' : macro redefinition
                 c:\projetos - roxgaming\files-update4\source-update-4\main_ex301\main\Protocol.h(35) : see previous definition of 'MAIN_RESOLUTION'
     1>c:\projetos - roxgaming\files-update4\source-update-4\main_ex301\main\stdafx.h(67): warning C4005: 'MAIN_RESOLUTION_X' : macro redefinition
                 c:\projetos - roxgaming\files-update4\source-update-4\main_ex301\main\Protocol.h(36) : see previous definition of 'MAIN_RESOLUTION_X'
     1>c:\projetos - roxgaming\files-update4\source-update-4\main_ex301\main\stdafx.h(68): warning C4005: 'MAIN_RESOLUTION_Y' : macro redefinition
                 c:\projetos - roxgaming\files-update4\source-update-4\main_ex301\main\Protocol.h(37) : see previous definition of 'MAIN_RESOLUTION_Y'
         SelectServerS13.cpp
     1>c:\projetos - roxgaming\files-update4\source-update-4\main_ex301\main\stdafx.h(65): warning C4005: 'MAIN_FONT_SIZE' : macro redefinition
                 c:\projetos - roxgaming\files-update4\source-update-4\main_ex301\main\Protocol.h(34) : see previous definition of 'MAIN_FONT_SIZE'
     1>c:\projetos - roxgaming\files-update4\source-update-4\main_ex301\main\stdafx.h(66): warning C4005: 'MAIN_RESOLUTION' : macro redefinition
                 c:\projetos - roxgaming\files-update4\source-update-4\main_ex301\main\Protocol.h(35) : see previous definition of 'MAIN_RESOLUTION'
     1>c:\projetos - roxgaming\files-update4\source-update-4\main_ex301\main\stdafx.h(67): warning C4005: 'MAIN_RESOLUTION_X' : macro redefinition
                 c:\projetos - roxgaming\files-update4\source-update-4\main_ex301\main\Protocol.h(36) : see previous definition of 'MAIN_RESOLUTION_X'
     1>c:\projetos - roxgaming\files-update4\source-update-4\main_ex301\main\stdafx.h(68): warning C4005: 'MAIN_RESOLUTION_Y' : macro redefinition
                 c:\projetos - roxgaming\files-update4\source-update-4\main_ex301\main\Protocol.h(37) : see previous definition of 'MAIN_RESOLUTION_Y'
     1>c:\projetos - roxgaming\files-update4\source-update-4\main_ex301\main\Reconnect.h(9): warning C4005: 'pDrawText' : macro redefinition
                 c:\projetos - roxgaming\files-update4\source-update-4\main_ex301\main\SelectServerS13.h(23) : see previous definition of 'pDrawText'
         Compiling...
         StaticEffect.cpp
     1>c:\projetos - roxgaming\files-update4\source-update-4\main_ex301\main\stdafx.h(65): warning C4005: 'MAIN_FONT_SIZE' : macro redefinition
                 c:\projetos - roxgaming\files-update4\source-update-4\main_ex301\main\Protocol.h(34) : see previous definition of 'MAIN_FONT_SIZE'
     1>c:\projetos - roxgaming\files-update4\source-update-4\main_ex301\main\stdafx.h(66): warning C4005: 'MAIN_RESOLUTION' : macro redefinition
                 c:\projetos - roxgaming\files-update4\source-update-4\main_ex301\main\Protocol.h(35) : see previous definition of 'MAIN_RESOLUTION'
     1>c:\projetos - roxgaming\files-update4\source-update-4\main_ex301\main\stdafx.h(67): warning C4005: 'MAIN_RESOLUTION_X' : macro redefinition
                 c:\projetos - roxgaming\files-update4\source-update-4\main_ex301\main\Protocol.h(36) : see previous definition of 'MAIN_RESOLUTION_X'
     1>c:\projetos - roxgaming\files-update4\source-update-4\main_ex301\main\stdafx.h(68): warning C4005: 'MAIN_RESOLUTION_Y' : macro redefinition
                 c:\projetos - roxgaming\files-update4\source-update-4\main_ex301\main\Protocol.h(37) : see previous definition of 'MAIN_RESOLUTION_Y'
     1>c:\projetos - roxgaming\files-update4\source-update-4\main_ex301\main\ItemManager.h(11): warning C4005: 'ITEM2' : macro redefinition
                 c:\projetos - roxgaming\files-update4\source-update-4\main_ex301\main\stdafx.h(95) : see previous definition of 'ITEM2'
         EffectManager.cpp
     1>c:\projetos - roxgaming\files-update4\source-update-4\main_ex301\main\stdafx.h(65): warning C4005: 'MAIN_FONT_SIZE' : macro redefinition
                 c:\projetos - roxgaming\files-update4\source-update-4\main_ex301\main\Protocol.h(34) : see previous definition of 'MAIN_FONT_SIZE'
     1>c:\projetos - roxgaming\files-update4\source-update-4\main_ex301\main\stdafx.h(66): warning C4005: 'MAIN_RESOLUTION' : macro redefinition
                 c:\projetos - roxgaming\files-update4\source-update-4\main_ex301\main\Protocol.h(35) : see previous definition of 'MAIN_RESOLUTION'
     1>c:\projetos - roxgaming\files-update4\source-update-4\main_ex301\main\stdafx.h(67): warning C4005: 'MAIN_RESOLUTION_X' : macro redefinition
                 c:\projetos - roxgaming\files-update4\source-update-4\main_ex301\main\Protocol.h(36) : see previous definition of 'MAIN_RESOLUTION_X'
     1>c:\projetos - roxgaming\files-update4\source-update-4\main_ex301\main\stdafx.h(68): warning C4005: 'MAIN_RESOLUTION_Y' : macro redefinition
                 c:\projetos - roxgaming\files-update4\source-update-4\main_ex301\main\Protocol.h(37) : see previous definition of 'MAIN_RESOLUTION_Y'
     1>c:\projetos - roxgaming\files-update4\source-update-4\main_ex301\main\ItemManager.h(11): warning C4005: 'ITEM2' : macro redefinition
                 c:\projetos - roxgaming\files-update4\source-update-4\main_ex301\main\stdafx.h(95) : see previous definition of 'ITEM2'
         Font.cpp
     1>c:\projetos - roxgaming\files-update4\source-update-4\main_ex301\main\StdAfx.h(65): warning C4005: 'MAIN_FONT_SIZE' : macro redefinition
                 c:\projetos - roxgaming\files-update4\source-update-4\main_ex301\main\Protocol.h(34) : see previous definition of 'MAIN_FONT_SIZE'
     1>c:\projetos - roxgaming\files-update4\source-update-4\main_ex301\main\StdAfx.h(66): warning C4005: 'MAIN_RESOLUTION' : macro redefinition
                 c:\projetos - roxgaming\files-update4\source-update-4\main_ex301\main\Protocol.h(35) : see previous definition of 'MAIN_RESOLUTION'
     1>c:\projetos - roxgaming\files-update4\source-update-4\main_ex301\main\StdAfx.h(67): warning C4005: 'MAIN_RESOLUTION_X' : macro redefinition
                 c:\projetos - roxgaming\files-update4\source-update-4\main_ex301\main\Protocol.h(36) : see previous definition of 'MAIN_RESOLUTION_X'
     1>c:\projetos - roxgaming\files-update4\source-update-4\main_ex301\main\StdAfx.h(68): warning C4005: 'MAIN_RESOLUTION_Y' : macro redefinition
                 c:\projetos - roxgaming\files-update4\source-update-4\main_ex301\main\Protocol.h(37) : see previous definition of 'MAIN_RESOLUTION_Y'
         HackCheck.cpp
     1>c:\projetos - roxgaming\files-update4\source-update-4\main_ex301\main\stdafx.h(65): warning C4005: 'MAIN_FONT_SIZE' : macro redefinition
                 c:\projetos - roxgaming\files-update4\source-update-4\main_ex301\main\Protocol.h(34) : see previous definition of 'MAIN_FONT_SIZE'
     1>c:\projetos - roxgaming\files-update4\source-update-4\main_ex301\main\stdafx.h(66): warning C4005: 'MAIN_RESOLUTION' : macro redefinition
                 c:\projetos - roxgaming\files-update4\source-update-4\main_ex301\main\Protocol.h(35) : see previous definition of 'MAIN_RESOLUTION'
     1>c:\projetos - roxgaming\files-update4\source-update-4\main_ex301\main\stdafx.h(67): warning C4005: 'MAIN_RESOLUTION_X' : macro redefinition
                 c:\projetos - roxgaming\files-update4\source-update-4\main_ex301\main\Protocol.h(36) : see previous definition of 'MAIN_RESOLUTION_X'
     1>c:\projetos - roxgaming\files-update4\source-update-4\main_ex301\main\stdafx.h(68): warning C4005: 'MAIN_RESOLUTION_Y' : macro redefinition
                 c:\projetos - roxgaming\files-update4\source-update-4\main_ex301\main\Protocol.h(37) : see previous definition of 'MAIN_RESOLUTION_Y'
         Interface.cpp
     1>c:\projetos - roxgaming\files-update4\source-update-4\main_ex301\main\stdafx.h(65): warning C4005: 'MAIN_FONT_SIZE' : macro redefinition
                 c:\projetos - roxgaming\files-update4\source-update-4\main_ex301\main\Protocol.h(34) : see previous definition of 'MAIN_FONT_SIZE'
     1>c:\projetos - roxgaming\files-update4\source-update-4\main_ex301\main\stdafx.h(66): warning C4005: 'MAIN_RESOLUTION' : macro redefinition
                 c:\projetos - roxgaming\files-update4\source-update-4\main_ex301\main\Protocol.h(35) : see previous definition of 'MAIN_RESOLUTION'
     1>c:\projetos - roxgaming\files-update4\source-update-4\main_ex301\main\stdafx.h(67): warning C4005: 'MAIN_RESOLUTION_X' : macro redefinition
                 c:\projetos - roxgaming\files-update4\source-update-4\main_ex301\main\Protocol.h(36) : see previous definition of 'MAIN_RESOLUTION_X'
     1>c:\projetos - roxgaming\files-update4\source-update-4\main_ex301\main\stdafx.h(68): warning C4005: 'MAIN_RESOLUTION_Y' : macro redefinition
                 c:\projetos - roxgaming\files-update4\source-update-4\main_ex301\main\Protocol.h(37) : see previous definition of 'MAIN_RESOLUTION_Y'
     1>Main\Interface.cpp(140): warning C4996: 'sprintf': This function or variable may be unsafe. Consider using sprintf_s instead. To disable deprecation, use _CRT_SECURE_NO_WARNINGS. See online help for details.
                 c:\Program Files (x86)\Microsoft Visual Studio 10.0\VC\include\stdio.h(371) : see declaration of 'sprintf'
         ItemDescription.cpp
     1>c:\projetos - roxgaming\files-update4\source-update-4\main_ex301\main\stdafx.h(65): warning C4005: 'MAIN_FONT_SIZE' : macro redefinition
                 c:\projetos - roxgaming\files-update4\source-update-4\main_ex301\main\Protocol.h(34) : see previous definition of 'MAIN_FONT_SIZE'
     1>c:\projetos - roxgaming\files-update4\source-update-4\main_ex301\main\stdafx.h(66): warning C4005: 'MAIN_RESOLUTION' : macro redefinition
                 c:\projetos - roxgaming\files-update4\source-update-4\main_ex301\main\Protocol.h(35) : see previous definition of 'MAIN_RESOLUTION'
     1>c:\projetos - roxgaming\files-update4\source-update-4\main_ex301\main\stdafx.h(67): warning C4005: 'MAIN_RESOLUTION_X' : macro redefinition
                 c:\projetos - roxgaming\files-update4\source-update-4\main_ex301\main\Protocol.h(36) : see previous definition of 'MAIN_RESOLUTION_X'
     1>c:\projetos - roxgaming\files-update4\source-update-4\main_ex301\main\stdafx.h(68): warning C4005: 'MAIN_RESOLUTION_Y' : macro redefinition
                 c:\projetos - roxgaming\files-update4\source-update-4\main_ex301\main\Protocol.h(37) : see previous definition of 'MAIN_RESOLUTION_Y'
         ItemManager.cpp
     1>c:\projetos - roxgaming\files-update4\source-update-4\main_ex301\main\stdafx.h(65): warning C4005: 'MAIN_FONT_SIZE' : macro redefinition
                 c:\projetos - roxgaming\files-update4\source-update-4\main_ex301\main\Protocol.h(34) : see previous definition of 'MAIN_FONT_SIZE'
     1>c:\projetos - roxgaming\files-update4\source-update-4\main_ex301\main\stdafx.h(66): warning C4005: 'MAIN_RESOLUTION' : macro redefinition
                 c:\projetos - roxgaming\files-update4\source-update-4\main_ex301\main\Protocol.h(35) : see previous definition of 'MAIN_RESOLUTION'
     1>c:\projetos - roxgaming\files-update4\source-update-4\main_ex301\main\stdafx.h(67): warning C4005: 'MAIN_RESOLUTION_X' : macro redefinition
                 c:\projetos - roxgaming\files-update4\source-update-4\main_ex301\main\Protocol.h(36) : see previous definition of 'MAIN_RESOLUTION_X'
     1>c:\projetos - roxgaming\files-update4\source-update-4\main_ex301\main\stdafx.h(68): warning C4005: 'MAIN_RESOLUTION_Y' : macro redefinition
                 c:\projetos - roxgaming\files-update4\source-update-4\main_ex301\main\Protocol.h(37) : see previous definition of 'MAIN_RESOLUTION_Y'
     1>c:\projetos - roxgaming\files-update4\source-update-4\main_ex301\main\ItemManager.h(11): warning C4005: 'ITEM2' : macro redefinition
                 c:\projetos - roxgaming\files-update4\source-update-4\main_ex301\main\stdafx.h(95) : see previous definition of 'ITEM2'
         ItemSmoke.cpp
     1>c:\projetos - roxgaming\files-update4\source-update-4\main_ex301\main\stdafx.h(65): warning C4005: 'MAIN_FONT_SIZE' : macro redefinition
                 c:\projetos - roxgaming\files-update4\source-update-4\main_ex301\main\Protocol.h(34) : see previous definition of 'MAIN_FONT_SIZE'
     1>c:\projetos - roxgaming\files-update4\source-update-4\main_ex301\main\stdafx.h(66): warning C4005: 'MAIN_RESOLUTION' : macro redefinition
                 c:\projetos - roxgaming\files-update4\source-update-4\main_ex301\main\Protocol.h(35) : see previous definition of 'MAIN_RESOLUTION'
     1>c:\projetos - roxgaming\files-update4\source-update-4\main_ex301\main\stdafx.h(67): warning C4005: 'MAIN_RESOLUTION_X' : macro redefinition
                 c:\projetos - roxgaming\files-update4\source-update-4\main_ex301\main\Protocol.h(36) : see previous definition of 'MAIN_RESOLUTION_X'
     1>c:\projetos - roxgaming\files-update4\source-update-4\main_ex301\main\stdafx.h(68): warning C4005: 'MAIN_RESOLUTION_Y' : macro redefinition
                 c:\projetos - roxgaming\files-update4\source-update-4\main_ex301\main\Protocol.h(37) : see previous definition of 'MAIN_RESOLUTION_Y'
     1>c:\projetos - roxgaming\files-update4\source-update-4\main_ex301\main\ItemManager.h(11): warning C4005: 'ITEM2' : macro redefinition
                 c:\projetos - roxgaming\files-update4\source-update-4\main_ex301\main\stdafx.h(95) : see previous definition of 'ITEM2'
         main.cpp
     1>c:\projetos - roxgaming\files-update4\source-update-4\main_ex301\main\stdafx.h(65): warning C4005: 'MAIN_FONT_SIZE' : macro redefinition
                 c:\projetos - roxgaming\files-update4\source-update-4\main_ex301\main\Protocol.h(34) : see previous definition of 'MAIN_FONT_SIZE'
     1>c:\projetos - roxgaming\files-update4\source-update-4\main_ex301\main\stdafx.h(66): warning C4005: 'MAIN_RESOLUTION' : macro redefinition
                 c:\projetos - roxgaming\files-update4\source-update-4\main_ex301\main\Protocol.h(35) : see previous definition of 'MAIN_RESOLUTION'
     1>c:\projetos - roxgaming\files-update4\source-update-4\main_ex301\main\stdafx.h(67): warning C4005: 'MAIN_RESOLUTION_X' : macro redefinition
                 c:\projetos - roxgaming\files-update4\source-update-4\main_ex301\main\Protocol.h(36) : see previous definition of 'MAIN_RESOLUTION_X'
     1>c:\projetos - roxgaming\files-update4\source-update-4\main_ex301\main\stdafx.h(68): warning C4005: 'MAIN_RESOLUTION_Y' : macro redefinition
                 c:\projetos - roxgaming\files-update4\source-update-4\main_ex301\main\Protocol.h(37) : see previous definition of 'MAIN_RESOLUTION_Y'
     1>c:\projetos - roxgaming\files-update4\source-update-4\main_ex301\main\ItemManager.h(11): warning C4005: 'ITEM2' : macro redefinition
                 c:\projetos - roxgaming\files-update4\source-update-4\main_ex301\main\stdafx.h(95) : see previous definition of 'ITEM2'
     1>c:\projetos - roxgaming\files-update4\source-update-4\main_ex301\main\WeaponFix.h(6): warning C4005: 'MAX_ITEM' : macro redefinition
                 c:\projetos - roxgaming\files-update4\source-update-4\main_ex301\main\ItemManager.h(5) : see previous definition of 'MAX_ITEM'
     1>c:\projetos - roxgaming\files-update4\source-update-4\main_ex301\main\SelectServerS13.h(23): warning C4005: 'pDrawText' : macro redefinition
                 c:\projetos - roxgaming\files-update4\source-update-4\main_ex301\main\Reconnect.h(9) : see previous definition of 'pDrawText'
     1>Main\main.cpp(414): warning C4101: 'v9' : unreferenced local variable
     1>Main\main.cpp(413): warning C4101: 'v8' : unreferenced local variable
     1>Main\main.cpp(412): warning C4101: 'v7' : unreferenced local variable
         MathLib.cpp
     1>c:\projetos - roxgaming\files-update4\source-update-4\main_ex301\main\StdAfx.h(65): warning C4005: 'MAIN_FONT_SIZE' : macro redefinition
                 c:\projetos - roxgaming\files-update4\source-update-4\main_ex301\main\Protocol.h(34) : see previous definition of 'MAIN_FONT_SIZE'
     1>c:\projetos - roxgaming\files-update4\source-update-4\main_ex301\main\StdAfx.h(66): warning C4005: 'MAIN_RESOLUTION' : macro redefinition
                 c:\projetos - roxgaming\files-update4\source-update-4\main_ex301\main\Protocol.h(35) : see previous definition of 'MAIN_RESOLUTION'
     1>c:\projetos - roxgaming\files-update4\source-update-4\main_ex301\main\StdAfx.h(67): warning C4005: 'MAIN_RESOLUTION_X' : macro redefinition
                 c:\projetos - roxgaming\files-update4\source-update-4\main_ex301\main\Protocol.h(36) : see previous definition of 'MAIN_RESOLUTION_X'
     1>c:\projetos - roxgaming\files-update4\source-update-4\main_ex301\main\StdAfx.h(68): warning C4005: 'MAIN_RESOLUTION_Y' : macro redefinition
                 c:\projetos - roxgaming\files-update4\source-update-4\main_ex301\main\Protocol.h(37) : see previous definition of 'MAIN_RESOLUTION_Y'
         MemScript.cpp
     1>c:\projetos - roxgaming\files-update4\source-update-4\main_ex301\main\stdafx.h(65): warning C4005: 'MAIN_FONT_SIZE' : macro redefinition
                 c:\projetos - roxgaming\files-update4\source-update-4\main_ex301\main\Protocol.h(34) : see previous definition of 'MAIN_FONT_SIZE'
     1>c:\projetos - roxgaming\files-update4\source-update-4\main_ex301\main\stdafx.h(66): warning C4005: 'MAIN_RESOLUTION' : macro redefinition
                 c:\projetos - roxgaming\files-update4\source-update-4\main_ex301\main\Protocol.h(35) : see previous definition of 'MAIN_RESOLUTION'
     1>c:\projetos - roxgaming\files-update4\source-update-4\main_ex301\main\stdafx.h(67): warning C4005: 'MAIN_RESOLUTION_X' : macro redefinition
                 c:\projetos - roxgaming\files-update4\source-update-4\main_ex301\main\Protocol.h(36) : see previous definition of 'MAIN_RESOLUTION_X'
     1>c:\projetos - roxgaming\files-update4\source-update-4\main_ex301\main\stdafx.h(68): warning C4005: 'MAIN_RESOLUTION_Y' : macro redefinition
                 c:\projetos - roxgaming\files-update4\source-update-4\main_ex301\main\Protocol.h(37) : see previous definition of 'MAIN_RESOLUTION_Y'
         Minimap.cpp
     1>c:\projetos - roxgaming\files-update4\source-update-4\main_ex301\main\StdAfx.h(65): warning C4005: 'MAIN_FONT_SIZE' : macro redefinition
                 c:\projetos - roxgaming\files-update4\source-update-4\main_ex301\main\Protocol.h(34) : see previous definition of 'MAIN_FONT_SIZE'
     1>c:\projetos - roxgaming\files-update4\source-update-4\main_ex301\main\StdAfx.h(66): warning C4005: 'MAIN_RESOLUTION' : macro redefinition
                 c:\projetos - roxgaming\files-update4\source-update-4\main_ex301\main\Protocol.h(35) : see previous definition of 'MAIN_RESOLUTION'
     1>c:\projetos - roxgaming\files-update4\source-update-4\main_ex301\main\StdAfx.h(67): warning C4005: 'MAIN_RESOLUTION_X' : macro redefinition
                 c:\projetos - roxgaming\files-update4\source-update-4\main_ex301\main\Protocol.h(36) : see previous definition of 'MAIN_RESOLUTION_X'
     1>c:\projetos - roxgaming\files-update4\source-update-4\main_ex301\main\StdAfx.h(68): warning C4005: 'MAIN_RESOLUTION_Y' : macro redefinition
                 c:\projetos - roxgaming\files-update4\source-update-4\main_ex301\main\Protocol.h(37) : see previous definition of 'MAIN_RESOLUTION_Y'
         NewMaps.cpp
     1>c:\projetos - roxgaming\files-update4\source-update-4\main_ex301\main\stdafx.h(65): warning C4005: 'MAIN_FONT_SIZE' : macro redefinition
                 c:\projetos - roxgaming\files-update4\source-update-4\main_ex301\main\Protocol.h(34) : see previous definition of 'MAIN_FONT_SIZE'
     1>c:\projetos - roxgaming\files-update4\source-update-4\main_ex301\main\stdafx.h(66): warning C4005: 'MAIN_RESOLUTION' : macro redefinition
                 c:\projetos - roxgaming\files-update4\source-update-4\main_ex301\main\Protocol.h(35) : see previous definition of 'MAIN_RESOLUTION'
     1>c:\projetos - roxgaming\files-update4\source-update-4\main_ex301\main\stdafx.h(67): warning C4005: 'MAIN_RESOLUTION_X' : macro redefinition
                 c:\projetos - roxgaming\files-update4\source-update-4\main_ex301\main\Protocol.h(36) : see previous definition of 'MAIN_RESOLUTION_X'
     1>c:\projetos - roxgaming\files-update4\source-update-4\main_ex301\main\stdafx.h(68): warning C4005: 'MAIN_RESOLUTION_Y' : macro redefinition
                 c:\projetos - roxgaming\files-update4\source-update-4\main_ex301\main\Protocol.h(37) : see previous definition of 'MAIN_RESOLUTION_Y'
         PacketManager.cpp
     1>c:\projetos - roxgaming\files-update4\source-update-4\main_ex301\main\stdafx.h(65): warning C4005: 'MAIN_FONT_SIZE' : macro redefinition
                 c:\projetos - roxgaming\files-update4\source-update-4\main_ex301\main\Protocol.h(34) : see previous definition of 'MAIN_FONT_SIZE'
     1>c:\projetos - roxgaming\files-update4\source-update-4\main_ex301\main\stdafx.h(66): warning C4005: 'MAIN_RESOLUTION' : macro redefinition
                 c:\projetos - roxgaming\files-update4\source-update-4\main_ex301\main\Protocol.h(35) : see previous definition of 'MAIN_RESOLUTION'
     1>c:\projetos - roxgaming\files-update4\source-update-4\main_ex301\main\stdafx.h(67): warning C4005: 'MAIN_RESOLUTION_X' : macro redefinition
                 c:\projetos - roxgaming\files-update4\source-update-4\main_ex301\main\Protocol.h(36) : see previous definition of 'MAIN_RESOLUTION_X'
     1>c:\projetos - roxgaming\files-update4\source-update-4\main_ex301\main\stdafx.h(68): warning C4005: 'MAIN_RESOLUTION_Y' : macro redefinition
                 c:\projetos - roxgaming\files-update4\source-update-4\main_ex301\main\Protocol.h(37) : see previous definition of 'MAIN_RESOLUTION_Y'
         PrintPlayer.cpp
     1>c:\projetos - roxgaming\files-update4\source-update-4\main_ex301\main\stdafx.h(65): warning C4005: 'MAIN_FONT_SIZE' : macro redefinition
                 c:\projetos - roxgaming\files-update4\source-update-4\main_ex301\main\Protocol.h(34) : see previous definition of 'MAIN_FONT_SIZE'
     1>c:\projetos - roxgaming\files-update4\source-update-4\main_ex301\main\stdafx.h(66): warning C4005: 'MAIN_RESOLUTION' : macro redefinition
                 c:\projetos - roxgaming\files-update4\source-update-4\main_ex301\main\Protocol.h(35) : see previous definition of 'MAIN_RESOLUTION'
     1>c:\projetos - roxgaming\files-update4\source-update-4\main_ex301\main\stdafx.h(67): warning C4005: 'MAIN_RESOLUTION_X' : macro redefinition
                 c:\projetos - roxgaming\files-update4\source-update-4\main_ex301\main\Protocol.h(36) : see previous definition of 'MAIN_RESOLUTION_X'
     1>c:\projetos - roxgaming\files-update4\source-update-4\main_ex301\main\stdafx.h(68): warning C4005: 'MAIN_RESOLUTION_Y' : macro redefinition
                 c:\projetos - roxgaming\files-update4\source-update-4\main_ex301\main\Protocol.h(37) : see previous definition of 'MAIN_RESOLUTION_Y'
         Protect.cpp
     1>c:\projetos - roxgaming\files-update4\source-update-4\main_ex301\main\stdafx.h(65): warning C4005: 'MAIN_FONT_SIZE' : macro redefinition
                 c:\projetos - roxgaming\files-update4\source-update-4\main_ex301\main\Protocol.h(34) : see previous definition of 'MAIN_FONT_SIZE'
     1>c:\projetos - roxgaming\files-update4\source-update-4\main_ex301\main\stdafx.h(66): warning C4005: 'MAIN_RESOLUTION' : macro redefinition
                 c:\projetos - roxgaming\files-update4\source-update-4\main_ex301\main\Protocol.h(35) : see previous definition of 'MAIN_RESOLUTION'
     1>c:\projetos - roxgaming\files-update4\source-update-4\main_ex301\main\stdafx.h(67): warning C4005: 'MAIN_RESOLUTION_X' : macro redefinition
                 c:\projetos - roxgaming\files-update4\source-update-4\main_ex301\main\Protocol.h(36) : see previous definition of 'MAIN_RESOLUTION_X'
     1>c:\projetos - roxgaming\files-update4\source-update-4\main_ex301\main\stdafx.h(68): warning C4005: 'MAIN_RESOLUTION_Y' : macro redefinition
                 c:\projetos - roxgaming\files-update4\source-update-4\main_ex301\main\Protocol.h(37) : see previous definition of 'MAIN_RESOLUTION_Y'
         Protocol.cpp
     1>c:\projetos - roxgaming\files-update4\source-update-4\main_ex301\main\stdafx.h(65): warning C4005: 'MAIN_FONT_SIZE' : macro redefinition
                 c:\projetos - roxgaming\files-update4\source-update-4\main_ex301\main\Protocol.h(34) : see previous definition of 'MAIN_FONT_SIZE'
     1>c:\projetos - roxgaming\files-update4\source-update-4\main_ex301\main\stdafx.h(66): warning C4005: 'MAIN_RESOLUTION' : macro redefinition
                 c:\projetos - roxgaming\files-update4\source-update-4\main_ex301\main\Protocol.h(35) : see previous definition of 'MAIN_RESOLUTION'
     1>c:\projetos - roxgaming\files-update4\source-update-4\main_ex301\main\stdafx.h(67): warning C4005: 'MAIN_RESOLUTION_X' : macro redefinition
                 c:\projetos - roxgaming\files-update4\source-update-4\main_ex301\main\Protocol.h(36) : see previous definition of 'MAIN_RESOLUTION_X'
     1>c:\projetos - roxgaming\files-update4\source-update-4\main_ex301\main\stdafx.h(68): warning C4005: 'MAIN_RESOLUTION_Y' : macro redefinition
                 c:\projetos - roxgaming\files-update4\source-update-4\main_ex301\main\Protocol.h(37) : see previous definition of 'MAIN_RESOLUTION_Y'
         Reconnect.cpp
     1>c:\projetos - roxgaming\files-update4\source-update-4\main_ex301\main\stdafx.h(65): warning C4005: 'MAIN_FONT_SIZE' : macro redefinition
                 c:\projetos - roxgaming\files-update4\source-update-4\main_ex301\main\Protocol.h(34) : see previous definition of 'MAIN_FONT_SIZE'
     1>c:\projetos - roxgaming\files-update4\source-update-4\main_ex301\main\stdafx.h(66): warning C4005: 'MAIN_RESOLUTION' : macro redefinition
                 c:\projetos - roxgaming\files-update4\source-update-4\main_ex301\main\Protocol.h(35) : see previous definition of 'MAIN_RESOLUTION'
     1>c:\projetos - roxgaming\files-update4\source-update-4\main_ex301\main\stdafx.h(67): warning C4005: 'MAIN_RESOLUTION_X' : macro redefinition
                 c:\projetos - roxgaming\files-update4\source-update-4\main_ex301\main\Protocol.h(36) : see previous definition of 'MAIN_RESOLUTION_X'
     1>c:\projetos - roxgaming\files-update4\source-update-4\main_ex301\main\stdafx.h(68): warning C4005: 'MAIN_RESOLUTION_Y' : macro redefinition
                 c:\projetos - roxgaming\files-update4\source-update-4\main_ex301\main\Protocol.h(37) : see previous definition of 'MAIN_RESOLUTION_Y'
         Resolution.cpp
     1>c:\projetos - roxgaming\files-update4\source-update-4\main_ex301\main\stdafx.h(65): warning C4005: 'MAIN_FONT_SIZE' : macro redefinition
                 c:\projetos - roxgaming\files-update4\source-update-4\main_ex301\main\Protocol.h(34) : see previous definition of 'MAIN_FONT_SIZE'
     1>c:\projetos - roxgaming\files-update4\source-update-4\main_ex301\main\stdafx.h(66): warning C4005: 'MAIN_RESOLUTION' : macro redefinition
                 c:\projetos - roxgaming\files-update4\source-update-4\main_ex301\main\Protocol.h(35) : see previous definition of 'MAIN_RESOLUTION'
     1>c:\projetos - roxgaming\files-update4\source-update-4\main_ex301\main\stdafx.h(67): warning C4005: 'MAIN_RESOLUTION_X' : macro redefinition
                 c:\projetos - roxgaming\files-update4\source-update-4\main_ex301\main\Protocol.h(36) : see previous definition of 'MAIN_RESOLUTION_X'
     1>c:\projetos - roxgaming\files-update4\source-update-4\main_ex301\main\stdafx.h(68): warning C4005: 'MAIN_RESOLUTION_Y' : macro redefinition
                 c:\projetos - roxgaming\files-update4\source-update-4\main_ex301\main\Protocol.h(37) : see previous definition of 'MAIN_RESOLUTION_Y'
         RightClick.cpp
     1>c:\projetos - roxgaming\files-update4\source-update-4\main_ex301\main\stdafx.h(65): warning C4005: 'MAIN_FONT_SIZE' : macro redefinition
                 c:\projetos - roxgaming\files-update4\source-update-4\main_ex301\main\Protocol.h(34) : see previous definition of 'MAIN_FONT_SIZE'
     1>c:\projetos - roxgaming\files-update4\source-update-4\main_ex301\main\stdafx.h(66): warning C4005: 'MAIN_RESOLUTION' : macro redefinition
                 c:\projetos - roxgaming\files-update4\source-update-4\main_ex301\main\Protocol.h(35) : see previous definition of 'MAIN_RESOLUTION'
     1>c:\projetos - roxgaming\files-update4\source-update-4\main_ex301\main\stdafx.h(67): warning C4005: 'MAIN_RESOLUTION_X' : macro redefinition
                 c:\projetos - roxgaming\files-update4\source-update-4\main_ex301\main\Protocol.h(36) : see previous definition of 'MAIN_RESOLUTION_X'
     1>c:\projetos - roxgaming\files-update4\source-update-4\main_ex301\main\stdafx.h(68): warning C4005: 'MAIN_RESOLUTION_Y' : macro redefinition
                 c:\projetos - roxgaming\files-update4\source-update-4\main_ex301\main\Protocol.h(37) : see previous definition of 'MAIN_RESOLUTION_Y'
         Compiling...
         SelectCharAnimation.cpp
     1>c:\projetos - roxgaming\files-update4\source-update-4\main_ex301\main\stdafx.h(65): warning C4005: 'MAIN_FONT_SIZE' : macro redefinition
                 c:\projetos - roxgaming\files-update4\source-update-4\main_ex301\main\Protocol.h(34) : see previous definition of 'MAIN_FONT_SIZE'
     1>c:\projetos - roxgaming\files-update4\source-update-4\main_ex301\main\stdafx.h(66): warning C4005: 'MAIN_RESOLUTION' : macro redefinition
                 c:\projetos - roxgaming\files-update4\source-update-4\main_ex301\main\Protocol.h(35) : see previous definition of 'MAIN_RESOLUTION'
     1>c:\projetos - roxgaming\files-update4\source-update-4\main_ex301\main\stdafx.h(67): warning C4005: 'MAIN_RESOLUTION_X' : macro redefinition
                 c:\projetos - roxgaming\files-update4\source-update-4\main_ex301\main\Protocol.h(36) : see previous definition of 'MAIN_RESOLUTION_X'
     1>c:\projetos - roxgaming\files-update4\source-update-4\main_ex301\main\stdafx.h(68): warning C4005: 'MAIN_RESOLUTION_Y' : macro redefinition
                 c:\projetos - roxgaming\files-update4\source-update-4\main_ex301\main\Protocol.h(37) : see previous definition of 'MAIN_RESOLUTION_Y'
     1>c:\projetos - roxgaming\files-update4\source-update-4\main_ex301\main\ItemManager.h(11): warning C4005: 'ITEM2' : macro redefinition
                 c:\projetos - roxgaming\files-update4\source-update-4\main_ex301\main\stdafx.h(95) : see previous definition of 'ITEM2'
         ServerInfo.cpp
     1>c:\projetos - roxgaming\files-update4\source-update-4\main_ex301\main\stdafx.h(65): warning C4005: 'MAIN_FONT_SIZE' : macro redefinition
                 c:\projetos - roxgaming\files-update4\source-update-4\main_ex301\main\Protocol.h(34) : see previous definition of 'MAIN_FONT_SIZE'
     1>c:\projetos - roxgaming\files-update4\source-update-4\main_ex301\main\stdafx.h(66): warning C4005: 'MAIN_RESOLUTION' : macro redefinition
                 c:\projetos - roxgaming\files-update4\source-update-4\main_ex301\main\Protocol.h(35) : see previous definition of 'MAIN_RESOLUTION'
     1>c:\projetos - roxgaming\files-update4\source-update-4\main_ex301\main\stdafx.h(67): warning C4005: 'MAIN_RESOLUTION_X' : macro redefinition
                 c:\projetos - roxgaming\files-update4\source-update-4\main_ex301\main\Protocol.h(36) : see previous definition of 'MAIN_RESOLUTION_X'
     1>c:\projetos - roxgaming\files-update4\source-update-4\main_ex301\main\stdafx.h(68): warning C4005: 'MAIN_RESOLUTION_Y' : macro redefinition
                 c:\projetos - roxgaming\files-update4\source-update-4\main_ex301\main\Protocol.h(37) : see previous definition of 'MAIN_RESOLUTION_Y'
         Testando.cpp
     1>c:\projetos - roxgaming\files-update4\source-update-4\main_ex301\main\stdafx.h(65): warning C4005: 'MAIN_FONT_SIZE' : macro redefinition
                 c:\projetos - roxgaming\files-update4\source-update-4\main_ex301\main\Protocol.h(34) : see previous definition of 'MAIN_FONT_SIZE'
     1>c:\projetos - roxgaming\files-update4\source-update-4\main_ex301\main\stdafx.h(66): warning C4005: 'MAIN_RESOLUTION' : macro redefinition
                 c:\projetos - roxgaming\files-update4\source-update-4\main_ex301\main\Protocol.h(35) : see previous definition of 'MAIN_RESOLUTION'
     1>c:\projetos - roxgaming\files-update4\source-update-4\main_ex301\main\stdafx.h(67): warning C4005: 'MAIN_RESOLUTION_X' : macro redefinition
                 c:\projetos - roxgaming\files-update4\source-update-4\main_ex301\main\Protocol.h(36) : see previous definition of 'MAIN_RESOLUTION_X'
     1>c:\projetos - roxgaming\files-update4\source-update-4\main_ex301\main\stdafx.h(68): warning C4005: 'MAIN_RESOLUTION_Y' : macro redefinition
                 c:\projetos - roxgaming\files-update4\source-update-4\main_ex301\main\Protocol.h(37) : see previous definition of 'MAIN_RESOLUTION_Y'
         TMemory.cpp
     1>c:\projetos - roxgaming\files-update4\source-update-4\main_ex301\main\stdafx.h(65): warning C4005: 'MAIN_FONT_SIZE' : macro redefinition
                 c:\projetos - roxgaming\files-update4\source-update-4\main_ex301\main\Protocol.h(34) : see previous definition of 'MAIN_FONT_SIZE'
     1>c:\projetos - roxgaming\files-update4\source-update-4\main_ex301\main\stdafx.h(66): warning C4005: 'MAIN_RESOLUTION' : macro redefinition
                 c:\projetos - roxgaming\files-update4\source-update-4\main_ex301\main\Protocol.h(35) : see previous definition of 'MAIN_RESOLUTION'
     1>c:\projetos - roxgaming\files-update4\source-update-4\main_ex301\main\stdafx.h(67): warning C4005: 'MAIN_RESOLUTION_X' : macro redefinition
                 c:\projetos - roxgaming\files-update4\source-update-4\main_ex301\main\Protocol.h(36) : see previous definition of 'MAIN_RESOLUTION_X'
     1>c:\projetos - roxgaming\files-update4\source-update-4\main_ex301\main\stdafx.h(68): warning C4005: 'MAIN_RESOLUTION_Y' : macro redefinition
                 c:\projetos - roxgaming\files-update4\source-update-4\main_ex301\main\Protocol.h(37) : see previous definition of 'MAIN_RESOLUTION_Y'
         ToolKit.cpp
     1>c:\projetos - roxgaming\files-update4\source-update-4\main_ex301\main\StdAfx.h(65): warning C4005: 'MAIN_FONT_SIZE' : macro redefinition
                 c:\projetos - roxgaming\files-update4\source-update-4\main_ex301\main\Protocol.h(34) : see previous definition of 'MAIN_FONT_SIZE'
     1>c:\projetos - roxgaming\files-update4\source-update-4\main_ex301\main\StdAfx.h(66): warning C4005: 'MAIN_RESOLUTION' : macro redefinition
                 c:\projetos - roxgaming\files-update4\source-update-4\main_ex301\main\Protocol.h(35) : see previous definition of 'MAIN_RESOLUTION'
     1>c:\projetos - roxgaming\files-update4\source-update-4\main_ex301\main\StdAfx.h(67): warning C4005: 'MAIN_RESOLUTION_X' : macro redefinition
                 c:\projetos - roxgaming\files-update4\source-update-4\main_ex301\main\Protocol.h(36) : see previous definition of 'MAIN_RESOLUTION_X'
     1>c:\projetos - roxgaming\files-update4\source-update-4\main_ex301\main\StdAfx.h(68): warning C4005: 'MAIN_RESOLUTION_Y' : macro redefinition
                 c:\projetos - roxgaming\files-update4\source-update-4\main_ex301\main\Protocol.h(37) : see previous definition of 'MAIN_RESOLUTION_Y'
         TrayMode.cpp
     1>c:\projetos - roxgaming\files-update4\source-update-4\main_ex301\main\stdafx.h(65): warning C4005: 'MAIN_FONT_SIZE' : macro redefinition
                 c:\projetos - roxgaming\files-update4\source-update-4\main_ex301\main\Protocol.h(34) : see previous definition of 'MAIN_FONT_SIZE'
     1>c:\projetos - roxgaming\files-update4\source-update-4\main_ex301\main\stdafx.h(66): warning C4005: 'MAIN_RESOLUTION' : macro redefinition
                 c:\projetos - roxgaming\files-update4\source-update-4\main_ex301\main\Protocol.h(35) : see previous definition of 'MAIN_RESOLUTION'
     1>c:\projetos - roxgaming\files-update4\source-update-4\main_ex301\main\stdafx.h(67): warning C4005: 'MAIN_RESOLUTION_X' : macro redefinition
                 c:\projetos - roxgaming\files-update4\source-update-4\main_ex301\main\Protocol.h(36) : see previous definition of 'MAIN_RESOLUTION_X'
     1>c:\projetos - roxgaming\files-update4\source-update-4\main_ex301\main\stdafx.h(68): warning C4005: 'MAIN_RESOLUTION_Y' : macro redefinition
                 c:\projetos - roxgaming\files-update4\source-update-4\main_ex301\main\Protocol.h(37) : see previous definition of 'MAIN_RESOLUTION_Y'
         User.cpp
     1>c:\projetos - roxgaming\files-update4\source-update-4\main_ex301\main\StdAfx.h(65): warning C4005: 'MAIN_FONT_SIZE' : macro redefinition
                 c:\projetos - roxgaming\files-update4\source-update-4\main_ex301\main\Protocol.h(34) : see previous definition of 'MAIN_FONT_SIZE'
     1>c:\projetos - roxgaming\files-update4\source-update-4\main_ex301\main\StdAfx.h(66): warning C4005: 'MAIN_RESOLUTION' : macro redefinition
                 c:\projetos - roxgaming\files-update4\source-update-4\main_ex301\main\Protocol.h(35) : see previous definition of 'MAIN_RESOLUTION'
     1>c:\projetos - roxgaming\files-update4\source-update-4\main_ex301\main\StdAfx.h(67): warning C4005: 'MAIN_RESOLUTION_X' : macro redefinition
                 c:\projetos - roxgaming\files-update4\source-update-4\main_ex301\main\Protocol.h(36) : see previous definition of 'MAIN_RESOLUTION_X'
     1>c:\projetos - roxgaming\files-update4\source-update-4\main_ex301\main\StdAfx.h(68): warning C4005: 'MAIN_RESOLUTION_Y' : macro redefinition
                 c:\projetos - roxgaming\files-update4\source-update-4\main_ex301\main\Protocol.h(37) : see previous definition of 'MAIN_RESOLUTION_Y'
         Util.cpp
     1>c:\projetos - roxgaming\files-update4\source-update-4\main_ex301\main\stdafx.h(65): warning C4005: 'MAIN_FONT_SIZE' : macro redefinition
                 c:\projetos - roxgaming\files-update4\source-update-4\main_ex301\main\Protocol.h(34) : see previous definition of 'MAIN_FONT_SIZE'
     1>c:\projetos - roxgaming\files-update4\source-update-4\main_ex301\main\stdafx.h(66): warning C4005: 'MAIN_RESOLUTION' : macro redefinition
                 c:\projetos - roxgaming\files-update4\source-update-4\main_ex301\main\Protocol.h(35) : see previous definition of 'MAIN_RESOLUTION'
     1>c:\projetos - roxgaming\files-update4\source-update-4\main_ex301\main\stdafx.h(67): warning C4005: 'MAIN_RESOLUTION_X' : macro redefinition
                 c:\projetos - roxgaming\files-update4\source-update-4\main_ex301\main\Protocol.h(36) : see previous definition of 'MAIN_RESOLUTION_X'
     1>c:\projetos - roxgaming\files-update4\source-update-4\main_ex301\main\stdafx.h(68): warning C4005: 'MAIN_RESOLUTION_Y' : macro redefinition
                 c:\projetos - roxgaming\files-update4\source-update-4\main_ex301\main\Protocol.h(37) : see previous definition of 'MAIN_RESOLUTION_Y'
         utils.cpp
     1>c:\projetos - roxgaming\files-update4\source-update-4\main_ex301\main\stdafx.h(65): warning C4005: 'MAIN_FONT_SIZE' : macro redefinition
                 c:\projetos - roxgaming\files-update4\source-update-4\main_ex301\main\Protocol.h(34) : see previous definition of 'MAIN_FONT_SIZE'
     1>c:\projetos - roxgaming\files-update4\source-update-4\main_ex301\main\stdafx.h(66): warning C4005: 'MAIN_RESOLUTION' : macro redefinition
                 c:\projetos - roxgaming\files-update4\source-update-4\main_ex301\main\Protocol.h(35) : see previous definition of 'MAIN_RESOLUTION'
     1>c:\projetos - roxgaming\files-update4\source-update-4\main_ex301\main\stdafx.h(67): warning C4005: 'MAIN_RESOLUTION_X' : macro redefinition
                 c:\projetos - roxgaming\files-update4\source-update-4\main_ex301\main\Protocol.h(36) : see previous definition of 'MAIN_RESOLUTION_X'
     1>c:\projetos - roxgaming\files-update4\source-update-4\main_ex301\main\stdafx.h(68): warning C4005: 'MAIN_RESOLUTION_Y' : macro redefinition
                 c:\projetos - roxgaming\files-update4\source-update-4\main_ex301\main\Protocol.h(37) : see previous definition of 'MAIN_RESOLUTION_Y'
         WeaponFix.cpp
     1>c:\projetos - roxgaming\files-update4\source-update-4\main_ex301\main\StdAfx.h(65): warning C4005: 'MAIN_FONT_SIZE' : macro redefinition
                 c:\projetos - roxgaming\files-update4\source-update-4\main_ex301\main\Protocol.h(34) : see previous definition of 'MAIN_FONT_SIZE'
     1>c:\projetos - roxgaming\files-update4\source-update-4\main_ex301\main\StdAfx.h(66): warning C4005: 'MAIN_RESOLUTION' : macro redefinition
                 c:\projetos - roxgaming\files-update4\source-update-4\main_ex301\main\Protocol.h(35) : see previous definition of 'MAIN_RESOLUTION'
     1>c:\projetos - roxgaming\files-update4\source-update-4\main_ex301\main\StdAfx.h(67): warning C4005: 'MAIN_RESOLUTION_X' : macro redefinition
                 c:\projetos - roxgaming\files-update4\source-update-4\main_ex301\main\Protocol.h(36) : see previous definition of 'MAIN_RESOLUTION_X'
     1>c:\projetos - roxgaming\files-update4\source-update-4\main_ex301\main\StdAfx.h(68): warning C4005: 'MAIN_RESOLUTION_Y' : macro redefinition
                 c:\projetos - roxgaming\files-update4\source-update-4\main_ex301\main\Protocol.h(37) : see previous definition of 'MAIN_RESOLUTION_Y'
     1>c:\projetos - roxgaming\files-update4\source-update-4\main_ex301\main\ItemManager.h(5): warning C4005: 'MAX_ITEM' : macro redefinition
                 c:\projetos - roxgaming\files-update4\source-update-4\main_ex301\main\WeaponFix.h(6) : see previous definition of 'MAX_ITEM'
     1>c:\projetos - roxgaming\files-update4\source-update-4\main_ex301\main\ItemManager.h(11): warning C4005: 'ITEM2' : macro redefinition
                 c:\projetos - roxgaming\files-update4\source-update-4\main_ex301\main\StdAfx.h(95) : see previous definition of 'ITEM2'
       Link:
         c:\Program Files (x86)\Microsoft Visual Studio 10.0\VC\bin\link.exe /ERRORREPORT:PROMPT /OUT:"C:\Users\Public\RoxGaming\RoxGaming - Nova Base - 2022\Client_EX301\main.dll" /INCREMENTAL:NO /NOLOGO kernel32.lib user32.lib gdi32.lib winspool.lib comdlg32.lib advapi32.lib shell32.lib ole32.lib oleaut32.lib uuid.lib odbc32.lib odbccp32.lib /MANIFEST /ManifestFile:"Release\main.dll.intermediate.manifest" /MANIFESTUAC:"level='asInvoker' uiAccess='false'" /DEBUG /PDB:"C:\Users\Public\RoxGaming\RoxGaming - Nova Base - 2022\Client_EX301\main.pdb" /SUBSYSTEM:WINDOWS /OPT:REF /OPT:ICF /LTCG /TLBID:1 /DYNAMICBASE /NXCOMPAT /IMPLIB:"C:\Users\Public\RoxGaming\RoxGaming - Nova Base - 2022\Client_EX301\main.lib" /MACHINE:X86 /DLL Release\CCRC32.obj
         Release\BMD.obj
         Release\Camera3D.obj
         Release\Common.obj
         Release\Console.obj
         Release\Controller.obj
         Release\CtrlChar.obj
         Release\CustomItem.obj
         Release\CustomJewel.obj
         Release\CustomMap.obj
         Release\CustomMonster.obj
         Release\CustomWing.obj
         Release\DynamicEffect.obj
         Release\EventTime.obj
         Release\Experience.obj
         Release\ItemPosition.obj
         Release\Monster.obj
         Release\PcPoint.obj
         Release\PlayerSystem.obj
         Release\SelectServerS13.obj
         Release\StaticEffect.obj
         Release\EffectManager.obj
         Release\Font.obj
         Release\HackCheck.obj
         Release\Interface.obj
         Release\ItemDescription.obj
         Release\ItemManager.obj
         Release\ItemSmoke.obj
         Release\main.obj
         Release\MathLib.obj
         Release\MemScript.obj
         Release\Minimap.obj
         Release\NewMaps.obj
         Release\PacketManager.obj
         Release\PrintPlayer.obj
         Release\Protect.obj
         Release\Protocol.obj
         Release\Reconnect.obj
         Release\Resolution.obj
         Release\RightClick.obj
         Release\SelectCharAnimation.obj
         Release\ServerInfo.obj
         Release\Testando.obj
         Release\TMemory.obj
         Release\ToolKit.obj
         Release\TrayMode.obj
         Release\User.obj
         Release\Util.obj
         Release\utils.obj
         Release\WeaponFix.obj
         Main\cg.lib
         Main\cgGL.lib
         Main\detoured.lib
         Main\detours.lib
         Main\Glaux.lib
         Main\glut32.lib
         Main\VMProtectSDK32.lib
            Creating library C:\Users\Public\RoxGaming\RoxGaming - Nova Base - 2022\Client_EX301\main.lib and object C:\Users\Public\RoxGaming\RoxGaming - Nova Base - 2022\Client_EX301\main.exp
         Generating code
     1>c:\projetos - roxgaming\files-update4\source-update-4\main_ex301\main\experience.cpp(127): warning C4700: uninitialized local variable 'v26' used
         Finished generating code
         main.vcxproj -> C:\Users\Public\RoxGaming\RoxGaming - Nova Base - 2022\Client_EX301\main.dll
       Manifest:
         c:\Program Files (x86)\Microsoft SDKs\Windows\v7.0A\bin\mt.exe /nologo /verbose /outputresource:"C:\Users\Public\RoxGaming\RoxGaming - Nova Base - 2022\Client_EX301\main.dll;#2" /manifest Release\main.dll.intermediate.manifest
       FinalizeBuildStatus:
         Deleting file "Release\main.unsuccessfulbuild".
         Touching "Release\main.lastbuildstate".
     1>Done Building Project "C:\Projetos - RoxGaming\files-update4\source-update-4\Main_EX301\main.vcxproj" (build target(s)).

Build succeeded.

Time Elapsed 00:01:14.24
