Build started 13/05/2022 08:30:53.
     1>Project "C:\Projetos - RoxGaming\files-update4\source-update-4\GetMainInfoEX301\GetMainInfo\GetMainInfo.vcxproj" on node 2 (build target(s)).
       Project file contains ToolsVersion="12.0". This toolset may be unknown or missing, in which case you may be able to resolve this by installing the appropriate version of MSBuild, or the build may have been forced to a particular ToolsVersion for policy reasons. Treating the project as if it had ToolsVersion="4.0". For more information, please see http://go.microsoft.com/fwlink/?LinkId=291333.
     1>C:\Program Files (x86)\MSBuild\Microsoft.Cpp\v4.0\Microsoft.CppBuild.targets(299,5): warning MSB8004: Output Directory does not end with a trailing slash.  This build instance will add the slash as it is required to allow proper evaluation of the Output Directory.
         Creating directory "C:\RoxGaming - Nova Base - 2022\Server_EX301\Tools\GetMainInfo\".
     1>InitializeBuildStatus:
         Creating "Release\GetMainInfo.unsuccessfulbuild" because "AlwaysCreate" was specified.
       ClCompile:
         c:\Program Files (x86)\Microsoft Visual Studio 10.0\VC\bin\CL.exe /c /Zi /nologo /W3 /WX- /O2 /Oi /Oy- /GL /D WIN32 /D NDEBUG /D _CONSOLE /D _MBCS /Gm- /EHsc /MT /GS /Gy /fp:precise /Zc:wchar_t /Zc:forScope /Yc"StdAfx.h" /Fp"Release\GetMainInfo.pch" /Fo"Release\\" /Fd"Release\vc100.pdb" /Gd /TP /analyze- /errorReport:prompt stdafx.cpp
         stdafx.cpp
         c:\Program Files (x86)\Microsoft Visual Studio 10.0\VC\bin\CL.exe /c /Zi /nologo /W3 /WX- /O2 /Oi /Oy- /GL /D WIN32 /D NDEBUG /D _CONSOLE /D _MBCS /Gm- /EHsc /MT /GS /Gy /fp:precise /Zc:wchar_t /Zc:forScope /Yu"StdAfx.h" /Fp"Release\GetMainInfo.pch" /Fo"Release\\" /Fd"Release\vc100.pdb" /Gd /TP /analyze- /errorReport:prompt ..\..\Util\CCRC32.Cpp CustomEffectDynamic.cpp CustomEffectStatic.cpp CustomEventTimeText.cpp CustomItem.cpp CustomJewel.cpp CustomMap.cpp CustomMessage.cpp CustomMonster.cpp CustomServerInfo.cpp CustomWing.cpp GetMainInfo.cpp ItemDescription.cpp ItemPosition.cpp MemScript.cpp PcPoint.cpp SmokeEffect.cpp
         CCRC32.Cpp
         CustomEffectDynamic.cpp
         CustomEffectStatic.cpp
         CustomEventTimeText.cpp
         CustomItem.cpp
         CustomJewel.cpp
         CustomMap.cpp
         CustomMessage.cpp
         CustomMonster.cpp
         CustomServerInfo.cpp
         CustomWing.cpp
         GetMainInfo.cpp
         ItemDescription.cpp
         ItemPosition.cpp
         MemScript.cpp
         PcPoint.cpp
         SmokeEffect.cpp
       ResourceCompile:
         c:\Program Files (x86)\Microsoft SDKs\Windows\v7.0A\bin\rc.exe /l"0x0409" /nologo /fo"Release\GetMainInfo.res" GetMainInfo.rc 
       Link:
         c:\Program Files (x86)\Microsoft Visual Studio 10.0\VC\bin\link.exe /ERRORREPORT:PROMPT /OUT:"C:\RoxGaming - Nova Base - 2022\Server_EX301\Tools\GetMainInfo\GetMainInfo.exe" /INCREMENTAL:NO /NOLOGO kernel32.lib user32.lib gdi32.lib winspool.lib comdlg32.lib advapi32.lib shell32.lib ole32.lib oleaut32.lib uuid.lib odbc32.lib odbccp32.lib /MANIFEST /ManifestFile:"Release\GetMainInfo.exe.intermediate.manifest" /MANIFESTUAC:"level='asInvoker' uiAccess='false'" /DEBUG /PDB:"C:\RoxGaming - Nova Base - 2022\Server_EX301\Tools\GetMainInfo\GetMainInfo.pdb" /SUBSYSTEM:CONSOLE /OPT:REF /OPT:ICF /LTCG /TLBID:1 /DYNAMICBASE /NXCOMPAT /IMPLIB:"C:\RoxGaming - Nova Base - 2022\Server_EX301\Tools\GetMainInfo\GetMainInfo.lib" /MACHINE:X86 Release\GetMainInfo.res
         Release\CCRC32.obj
         Release\CustomEffectDynamic.obj
         Release\CustomEffectStatic.obj
         Release\CustomEventTimeText.obj
         Release\CustomItem.obj
         Release\CustomJewel.obj
         Release\CustomMap.obj
         Release\CustomMessage.obj
         Release\CustomMonster.obj
         Release\CustomServerInfo.obj
         Release\CustomWing.obj
         Release\GetMainInfo.obj
         Release\ItemDescription.obj
         Release\ItemPosition.obj
         Release\MemScript.obj
         Release\PcPoint.obj
         Release\SmokeEffect.obj
         Release\stdafx.obj
         Generating code
         Finished generating code
         GetMainInfo.vcxproj -> C:\RoxGaming - Nova Base - 2022\Server_EX301\Tools\GetMainInfo\GetMainInfo.exe
       Manifest:
         c:\Program Files (x86)\Microsoft SDKs\Windows\v7.0A\bin\mt.exe /nologo /verbose /outputresource:"C:\RoxGaming - Nova Base - 2022\Server_EX301\Tools\GetMainInfo\GetMainInfo.exe;#1" /manifest Release\GetMainInfo.exe.intermediate.manifest
       FinalizeBuildStatus:
         Deleting file "Release\GetMainInfo.unsuccessfulbuild".
         Touching "Release\GetMainInfo.lastbuildstate".
     1>Done Building Project "C:\Projetos - RoxGaming\files-update4\source-update-4\GetMainInfoEX301\GetMainInfo\GetMainInfo.vcxproj" (build target(s)).

Build succeeded.

Time Elapsed 00:00:08.22
